<?xml version="1.0" encoding="UTF-8"?>
<testsuite name="au.edu.sydney.soft3202.task1.ShoppingBasketPropertyTest" tests="7" skipped="0" failures="0" errors="0" timestamp="2023-04-08T09:54:16" hostname="macbookquynhnhu.shared.sydney.edu.au" time="1.082">
  <properties/>
  <testcase name="addItemPropertyTest" classname="au.edu.sydney.soft3202.task1.ShoppingBasketPropertyTest" time="0.437"/>
  <testcase name="BonusDeleteArbitraryItemNameTest" classname="au.edu.sydney.soft3202.task1.ShoppingBasketPropertyTest" time="0.362"/>
  <testcase name="BonusCountArbitraryTest" classname="au.edu.sydney.soft3202.task1.ShoppingBasketPropertyTest" time="0.111"/>
  <testcase name="removeAllTest" classname="au.edu.sydney.soft3202.task1.ShoppingBasketPropertyTest" time="0.024"/>
  <testcase name="BonusAddArbitraryItemNameTest" classname="au.edu.sydney.soft3202.task1.ShoppingBasketPropertyTest" time="0.064"/>
  <testcase name="getValueEmptyPropertyTest" classname="au.edu.sydney.soft3202.task1.ShoppingBasketPropertyTest" time="0.015"/>
  <testcase name="BonusRemoveCountArbitraryTest" classname="au.edu.sydney.soft3202.task1.ShoppingBasketPropertyTest" time="0.067"/>
  <system-out><![CDATA[timestamp = 2023-04-08T19:54:17.094105, ShoppingBasketPropertyTest:addItemPropertyTest = 
                              |-----------------------jqwik-----------------------
tries = 1000                  | # of calls to property
checks = 1000                 | # of not rejected calls
generation = RANDOMIZED       | parameters are randomly generated
after-failure = SAMPLE_FIRST  | try previously failed sample, then previous seed
when-fixed-seed = ALLOW       | fixing the random seed is allowed
edge-cases#mode = MIXIN       | edge cases are mixed in
edge-cases#total = 8          | # of all combined edge cases
edge-cases#tried = 8          | # of edge cases tried in current run
seed = -2396635605209042257   | random seed to reproduce generated values


timestamp = 2023-04-08T19:54:17.462806, ShoppingBasketPropertyTest:BonusDeleteArbitraryItemNameTest = 
                              |-----------------------jqwik-----------------------
tries = 1000                  | # of calls to property
checks = 1000                 | # of not rejected calls
generation = RANDOMIZED       | parameters are randomly generated
after-failure = SAMPLE_FIRST  | try previously failed sample, then previous seed
when-fixed-seed = ALLOW       | fixing the random seed is allowed
edge-cases#mode = MIXIN       | edge cases are mixed in
edge-cases#total = 9          | # of all combined edge cases
edge-cases#tried = 9          | # of edge cases tried in current run
seed = 1641637187601193066    | random seed to reproduce generated values


timestamp = 2023-04-08T19:54:17.574140, ShoppingBasketPropertyTest:BonusCountArbitraryTest = 
                              |-----------------------jqwik-----------------------
tries = 1000                  | # of calls to property
checks = 1000                 | # of not rejected calls
generation = RANDOMIZED       | parameters are randomly generated
after-failure = SAMPLE_FIRST  | try previously failed sample, then previous seed
when-fixed-seed = ALLOW       | fixing the random seed is allowed
edge-cases#mode = MIXIN       | edge cases are mixed in
edge-cases#total = 24         | # of all combined edge cases
edge-cases#tried = 24         | # of edge cases tried in current run
seed = 6731191786201382750    | random seed to reproduce generated values


timestamp = 2023-04-08T19:54:17.599169, ShoppingBasketPropertyTest:removeAllTest = 
                              |-----------------------jqwik-----------------------
tries = 1000                  | # of calls to property
checks = 1000                 | # of not rejected calls
generation = RANDOMIZED       | parameters are randomly generated
after-failure = SAMPLE_FIRST  | try previously failed sample, then previous seed
when-fixed-seed = ALLOW       | fixing the random seed is allowed
edge-cases#mode = MIXIN       | edge cases are mixed in
edge-cases#total = 8          | # of all combined edge cases
edge-cases#tried = 8          | # of edge cases tried in current run
seed = -4642601603455319788   | random seed to reproduce generated values


timestamp = 2023-04-08T19:54:17.662845, ShoppingBasketPropertyTest:BonusAddArbitraryItemNameTest = 
                              |-----------------------jqwik-----------------------
tries = 1000                  | # of calls to property
checks = 1000                 | # of not rejected calls
generation = RANDOMIZED       | parameters are randomly generated
after-failure = SAMPLE_FIRST  | try previously failed sample, then previous seed
when-fixed-seed = ALLOW       | fixing the random seed is allowed
edge-cases#mode = MIXIN       | edge cases are mixed in
edge-cases#total = 9          | # of all combined edge cases
edge-cases#tried = 9          | # of edge cases tried in current run
seed = 3502671432841569559    | random seed to reproduce generated values


timestamp = 2023-04-08T19:54:17.678436, ShoppingBasketPropertyTest:getValueEmptyPropertyTest = 
                              |-----------------------jqwik-----------------------
tries = 1000                  | # of calls to property
checks = 1000                 | # of not rejected calls
generation = RANDOMIZED       | parameters are randomly generated
after-failure = SAMPLE_FIRST  | try previously failed sample, then previous seed
when-fixed-seed = ALLOW       | fixing the random seed is allowed
edge-cases#mode = MIXIN       | edge cases are mixed in
edge-cases#total = 0          | # of all combined edge cases
edge-cases#tried = 0          | # of edge cases tried in current run
seed = -773135341499906305    | random seed to reproduce generated values


timestamp = 2023-04-08T19:54:17.746190, ShoppingBasketPropertyTest:BonusRemoveCountArbitraryTest = 
                              |-----------------------jqwik-----------------------
tries = 1000                  | # of calls to property
checks = 1000                 | # of not rejected calls
generation = RANDOMIZED       | parameters are randomly generated
after-failure = SAMPLE_FIRST  | try previously failed sample, then previous seed
when-fixed-seed = ALLOW       | fixing the random seed is allowed
edge-cases#mode = MIXIN       | edge cases are mixed in
edge-cases#total = 36         | # of all combined edge cases
edge-cases#tried = 36         | # of edge cases tried in current run
seed = -2326035755690650896   | random seed to reproduce generated values


]]></system-out>
  <system-err><![CDATA[Apr 08, 2023 7:54:17 PM net.jqwik.engine.execution.CheckedProperty maybeWarnOnMultipleTriesWithoutForallParameters
WARNING: Running Property [ShoppingBasketPropertyTest:getValueEmptyPropertyTest] in container [au.edu.sydney.soft3202.task1.ShoppingBasketPropertyTest] without any @ForAll parameters for 1000 tries.
    Maybe you want to change it into an @Example?
]]></system-err>
</testsuite>
